<?xml version="1.0" encoding="UTF-8"?>
<!-- Generated by org.testng.reporters.JUnitXMLReporter -->
<testsuite ignored="0" hostname="LAPTOP-P6UB0HLE" failures="0" tests="4" name="Test" time="82.519" errors="0" timestamp="2023-12-27T10:49:53 IST">
  <testcase classname="tests.ClassThree" name="classtreetest" time="53.591"/>
  <testcase classname="tests.ClassTwotest" name="testTwo" time="8.514"/>
  <testcase classname="tests.Logintest" name="login" time="1.024"/>
  <testcase classname="tests.Logintest" name="login" time="10.835"/>
</testsuite> <!-- Test -->
